<?xml version="1.0" encoding="UTF-8"?>
<testsuite xmlns:xsi="http://www.w3.org/2001/XMLSchema-instance" xsi:noNamespaceSchemaLocation="https://maven.apache.org/surefire/maven-surefire-plugin/xsd/surefire-test-report-3.0.xsd" version="3.0" name="service.com.service.userservice.service.UserServiceTest" time="0.008" tests="1" errors="0" skipped="1" failures="0">
  <properties/>
  <testcase name="contextLoads" classname="service.com.service.userservice.service.UserServiceTest" time="0.0">
    <skipped message="Temporarily disabled due to migration conflict"/>
  </testcase>
</testsuite>